<?xml version="1.0" encoding="UTF-8"?>
<testsuite xmlns:xsi="http://www.w3.org/2001/XMLSchema-instance" xsi:noNamespaceSchemaLocation="https://maven.apache.org/surefire/maven-surefire-plugin/xsd/surefire-test-report.xsd" name="war.AppTest" time="0.09" tests="1" errors="0" skipped="0" failures="0">
  <properties>
    <property name="awt.toolkit" value="sun.awt.X11.XToolkit"/>
    <property name="java.specification.version" value="1.8"/>
    <property name="file.encoding.pkg" value="sun.io"/>
    <property name="sun.jnu.encoding" value="UTF-8"/>
    <property name="java.class.path" value="/home/sasidharpvl/light/target/test-classes:/home/sasidharpvl/light/target/classes:/home/sasidharpvl/.m2/repository/junit/junit/4.11/junit-4.11.jar:/home/sasidharpvl/.m2/repository/org/hamcrest/hamcrest-core/1.3/hamcrest-core-1.3.jar:"/>
    <property name="com.ibm.zero.version" value="2"/>
    <property name="java.vm.vendor" value="IBM Corporation"/>
    <property name="com.ibm.vm.bitmode" value="64"/>
    <property name="sun.arch.data.model" value="64"/>
    <property name="user.variant" value=""/>
    <property name="com.ibm.oti.vm.library.version" value="29"/>
    <property name="java.vendor.url" value="http://www.ibm.com"/>
    <property name="user.timezone" value=""/>
    <property name="os.name" value="Linux"/>
    <property name="java.vm.specification.version" value="1.8"/>
    <property name="user.country" value="US"/>
    <property name="sun.java.launcher" value="SUN_STANDARD"/>
    <property name="sun.boot.library.path" value="/usr/lib/jvm/java-1.8.0-ibm-1.8.0.5.40-1jpp.1.el7.x86_64/jre/lib/amd64/compressedrefs:/usr/lib/jvm/java-1.8.0-ibm-1.8.0.5.40-1jpp.1.el7.x86_64/jre/lib/amd64"/>
    <property name="sun.java.command" value="/home/sasidharpvl/light/target/surefire/surefirebooter1750837812772139087.jar /home/sasidharpvl/light/target/surefire 2019-09-05T16-14-11_551-jvmRun1 surefire6365295100189852268tmp surefire_01339498005540774888tmp"/>
    <property name="surefire.test.class.path" value="/home/sasidharpvl/light/target/test-classes:/home/sasidharpvl/light/target/classes:/home/sasidharpvl/.m2/repository/junit/junit/4.11/junit-4.11.jar:/home/sasidharpvl/.m2/repository/org/hamcrest/hamcrest-core/1.3/hamcrest-core-1.3.jar:"/>
    <property name="sun.cpu.endian" value="little"/>
    <property name="user.home" value="/home/sasidharpvl"/>
    <property name="user.language" value="en"/>
    <property name="java.specification.vendor" value="Oracle Corporation"/>
    <property name="java.home" value="/usr/lib/jvm/java-1.8.0-ibm-1.8.0.5.40-1jpp.1.el7.x86_64/jre"/>
    <property name="ibm.signalhandling.rs" value="false"/>
    <property name="basedir" value="/home/sasidharpvl/light"/>
    <property name="file.separator" value="/"/>
    <property name="line.separator" value="&#10;"/>
    <property name="java.vm.specification.vendor" value="Oracle Corporation"/>
    <property name="java.specification.name" value="Java Platform API Specification"/>
    <property name="java.compiler" value="j9jit29"/>
    <property name="sun.java.launcher.pid" value="32186"/>
    <property name="com.ibm.util.extralibs.properties" value=""/>
    <property name="java.awt.graphicsenv" value="sun.awt.X11GraphicsEnvironment"/>
    <property name="com.ibm.oti.configuration" value="scar"/>
    <property name="java.awt.fonts" value=""/>
    <property name="surefire.real.class.path" value="/home/sasidharpvl/light/target/surefire/surefirebooter1750837812772139087.jar"/>
    <property name="com.ibm.oti.shared.enabled" value="false"/>
    <property name="com.ibm.oti.vm.bootstrap.library.path" value="/usr/lib/jvm/java-1.8.0-ibm-1.8.0.5.40-1jpp.1.el7.x86_64/jre/lib/amd64/compressedrefs:/usr/lib/jvm/java-1.8.0-ibm-1.8.0.5.40-1jpp.1.el7.x86_64/jre/lib/amd64"/>
    <property name="sun.boot.class.path" value="/usr/lib/jvm/java-1.8.0-ibm-1.8.0.5.40-1jpp.1.el7.x86_64/jre/lib/amd64/compressedrefs/jclSC180/vm.jar:/usr/lib/jvm/java-1.8.0-ibm-1.8.0.5.40-1jpp.1.el7.x86_64/jre/lib/se-service.jar:/usr/lib/jvm/java-1.8.0-ibm-1.8.0.5.40-1jpp.1.el7.x86_64/jre/lib/math.jar:/usr/lib/jvm/java-1.8.0-ibm-1.8.0.5.40-1jpp.1.el7.x86_64/jre/lib/ibmorb.jar:/usr/lib/jvm/java-1.8.0-ibm-1.8.0.5.40-1jpp.1.el7.x86_64/jre/lib/ibmorbapi.jar:/usr/lib/jvm/java-1.8.0-ibm-1.8.0.5.40-1jpp.1.el7.x86_64/jre/lib/ibmcfw.jar:/usr/lib/jvm/java-1.8.0-ibm-1.8.0.5.40-1jpp.1.el7.x86_64/jre/lib/ibmpkcs.jar:/usr/lib/jvm/java-1.8.0-ibm-1.8.0.5.40-1jpp.1.el7.x86_64/jre/lib/ibmcertpathfw.jar:/usr/lib/jvm/java-1.8.0-ibm-1.8.0.5.40-1jpp.1.el7.x86_64/jre/lib/ibmjgssfw.jar:/usr/lib/jvm/java-1.8.0-ibm-1.8.0.5.40-1jpp.1.el7.x86_64/jre/lib/ibmjssefw.jar:/usr/lib/jvm/java-1.8.0-ibm-1.8.0.5.40-1jpp.1.el7.x86_64/jre/lib/ibmsaslfw.jar:/usr/lib/jvm/java-1.8.0-ibm-1.8.0.5.40-1jpp.1.el7.x86_64/jre/lib/ibmjcefw.jar:/usr/lib/jvm/java-1.8.0-ibm-1.8.0.5.40-1jpp.1.el7.x86_64/jre/lib/ibmjgssprovider.jar:/usr/lib/jvm/java-1.8.0-ibm-1.8.0.5.40-1jpp.1.el7.x86_64/jre/lib/ibmjsseprovider2.jar:/usr/lib/jvm/java-1.8.0-ibm-1.8.0.5.40-1jpp.1.el7.x86_64/jre/lib/ibmcertpathprovider.jar:/usr/lib/jvm/java-1.8.0-ibm-1.8.0.5.40-1jpp.1.el7.x86_64/jre/lib/xmldsigfw.jar:/usr/lib/jvm/java-1.8.0-ibm-1.8.0.5.40-1jpp.1.el7.x86_64/jre/lib/xml.jar:/usr/lib/jvm/java-1.8.0-ibm-1.8.0.5.40-1jpp.1.el7.x86_64/jre/lib/charsets.jar:/usr/lib/jvm/java-1.8.0-ibm-1.8.0.5.40-1jpp.1.el7.x86_64/jre/lib/resources.jar:/usr/lib/jvm/java-1.8.0-ibm-1.8.0.5.40-1jpp.1.el7.x86_64/jre/lib/rt.jar:/usr/lib/jvm/java-1.8.0-ibm-1.8.0.5.40-1jpp.1.el7.x86_64/jre/lib/dataaccess.jar"/>
    <property name="com.ibm.cpu.endian" value="little"/>
    <property name="java.fullversion" value="8.0.5.40 - pxa6480sr5fp40-20190807_01(SR5 FP40)&#10;JRE 1.8.0 Linux amd64-64-Bit Compressed References 20190802_424001 (JIT enabled, AOT enabled)&#10;OpenJ9   - 106f6ce&#10;OMR      - fe07f6f&#10;IBM      - af2a365"/>
    <property name="java.runtime.version" value="8.0.5.40 - pxa6480sr5fp40-20190807_01(SR5 FP40)"/>
    <property name="user.name" value="sasidharpvl"/>
    <property name="path.separator" value=":"/>
    <property name="os.version" value="3.10.0-1062.el7.x86_64"/>
    <property name="java.endorsed.dirs" value="/usr/lib/jvm/java-1.8.0-ibm-1.8.0.5.40-1jpp.1.el7.x86_64/jre/lib/endorsed"/>
    <property name="java.runtime.name" value="Java(TM) SE Runtime Environment"/>
    <property name="ibm.signalhandling.sigint" value="true"/>
    <property name="file.encoding" value="UTF-8"/>
    <property name="java.vm.name" value="IBM J9 VM"/>
    <property name="ibm.signalhandling.sigchain" value="true"/>
    <property name="localRepository" value="/home/sasidharpvl/.m2/repository"/>
    <property name="java.io.tmpdir" value="/tmp"/>
    <property name="java.version" value="1.8.0_221"/>
    <property name="user.dir" value="/home/sasidharpvl/light"/>
    <property name="com.ibm.system.agent.path" value="/usr/lib/jvm/java-1.8.0-ibm-1.8.0.5.40-1jpp.1.el7.x86_64/jre/lib/amd64"/>
    <property name="os.arch" value="amd64"/>
    <property name="java.vm.specification.name" value="Java Virtual Machine Specification"/>
    <property name="java.awt.printerjob" value="sun.print.PSPrinterJob"/>
    <property name="os.encoding" value="UTF-8"/>
    <property name="java.library.path" value="/usr/lib/jvm/java-1.8.0-ibm-1.8.0.5.40-1jpp.1.el7.x86_64/jre/lib/amd64/compressedrefs:/usr/lib/jvm/java-1.8.0-ibm-1.8.0.5.40-1jpp.1.el7.x86_64/jre/lib/amd64:/usr/lib64:/usr/lib"/>
    <property name="java.vm.info" value="JRE 1.8.0 Linux amd64-64-Bit Compressed References 20190802_424001 (JIT enabled, AOT enabled)&#10;OpenJ9   - 106f6ce&#10;OMR      - fe07f6f&#10;IBM      - af2a365"/>
    <property name="java.vendor" value="IBM Corporation"/>
    <property name="java.vm.version" value="2.9"/>
    <property name="ibm.system.encoding" value="UTF-8"/>
    <property name="com.ibm.jcl.checkClassPath" value=""/>
    <property name="java.ext.dirs" value="/usr/lib/jvm/java-1.8.0-ibm-1.8.0.5.40-1jpp.1.el7.x86_64/jre/lib/ext"/>
    <property name="sun.io.unicode.encoding" value="UnicodeLittle"/>
    <property name="java.class.version" value="52.0"/>
  </properties>
  <testcase name="shouldAnswerWithTrue" classname="war.AppTest" time="0"/>
</testsuite>